[command] G1LQS: t0nk#5018 @ Place of straight people >> /bal
[command] BDSER: t0nk#5018 @ Place of straight people >> /bal
[command] PQQLS: t0nk#5018 @ Place of straight people >> /copy
[command] 988WG: t0nk#5018 @ Place of straight people >> /bal
[command] 17CP9: t0nk#5018 @ Place of straight people >> /check
[command] 95NDJ: t0nk#5018 @ Place of straight people >> /check
[command] LYI3D: t0nk#5018 @ Place of straight people >> /check
[command] NXF1Q: t0nk#5018 @ Place of straight people >> /check
[command] 11Q76: t0nk#5018 @ Place of straight people >> /check
[command] VK6BJ: t0nk#5018 @ Place of straight people >> /check
[command] XK59D: t0nk#5018 @ Place of straight people >> /check
[command] OH6IW: t0nk#5018 @ Place of straight people >> /check
[command] Y6N43: t0nk#5018 @ Place of straight people >> /check
[command] OR4EF: t0nk#5018 @ Place of straight people >> /check
[command] 2SKL3: t0nk#5018 @ Place of straight people >> /check
[command] TFWLG: t0nk#5018 @ Place of straight people >> /check
[command] 23CDM: t0nk#5018 @ Place of straight people >> /check
[command] EBGV6: t0nk#5018 @ Place of straight people >> /check
[command] V1W05: t0nk#5018 @ Place of straight people >> /check
[command] UL3SW: t0nk#5018 @ Place of straight people >> /check
[command] XXXXQ: t0nk#5018 @ Place of straight people >> /check
[command] XRU9J: t0nk#5018 @ Place of straight people >> /check
[command] FEOD4: t0nk#5018 @ Place of straight people >> /check
[command] H5CZH: t0nk#5018 @ Place of straight people >> /check
[command] AK2J9: t0nk#5018 @ Place of straight people >> /check
[command] RGL12: t0nk#5018 @ Place of straight people >> /check
[command] COT3J: t0nk#5018 @ Place of straight people >> /check
[command] EE7K0: t0nk#5018 @ Place of straight people >> /check
[command] D062O: t0nk#5018 @ Place of straight people >> /check
[command] LNBLR: t0nk#5018 @ Place of straight people >> /check
[command] 2UZ7F: t0nk#5018 @ Place of straight people >> /check
[command] MUCTR: t0nk#5018 @ Place of straight people >> /check
[command] 7AQCR: t0nk#5018 @ Place of straight people >> /check
[command] CHP6G: t0nk#5018 @ Place of straight people >> /check
[command] AFO5S: t0nk#5018 @ Place of straight people >> /check
[command] KJXOH: t0nk#5018 @ Place of straight people >> /check
[command] 4Z0NR: t0nk#5018 @ Place of straight people >> /check
[command] RYBYA: t0nk#5018 @ Place of straight people >> /check
[command] PRX82: t0nk#5018 @ Place of straight people >> /bal
[command] MOZYU: t0nk#5018 @ Place of straight people >> /stock
[command] AIGGK: t0nk#5018 @ Place of straight people >> /help
[command] WVF47: t0nk#5018 @ Place of straight people >> /stock
[command] ISJ6Y: t0nk#5018 @ Place of straight people >> /stock
[command] 3QAKV: t0nk#5018 @ Place of straight people >> /ping
[command] MAAZN: t0nk#5018 @ Place of straight people >> /ping
[command] EIO6D: t0nk#5018 @ Place of straight people >> /ping
[command] W8HWP: t0nk#5018 @ Place of straight people >> /ping
[command] B8KBD: t0nk#5018 @ Place of straight people >> /ping
[command] FWTR9: t0nk#5018 @ Place of straight people >> /ping
[command] 5J7SP: t0nk#5018 @ Place of straight people >> /ping
[command] X4MK4: t0nk#5018 @ Place of straight people >> /ping
[command] 0R7KN: t0nk#5018 @ Place of straight people >> /ping
[command] 1D124: t0nk#5018 @ Place of straight people >> /ping
[command] QEEQQ: t0nk#5018 @ Place of straight people >> /ping
[command] FLTC1: t0nk#5018 @ Place of straight people >> /ping
[command] ZLSGT: t0nk#5018 @ Place of straight people >> /ping
[command] 0PSXH: t0nk#5018 @ Place of straight people >> /bal
[command] JJX9G: t0nk#5018 @ Place of straight people >> /ping
[command] 5C6CD: t0nk#5018 @ Place of straight people >> /ping
[command] U5T7L: t0nk#5018 @ Place of straight people >> /ping
[command] I46G5: t0nk#5018 @ Place of straight people >> /ping
[command] 97L65: t0nk#5018 @ Place of straight people >> /help
[command] GABXM: t0nk#5018 @ Place of straight people >> /stock
[command] 64YFE: t0nk#5018 @ Place of straight people >> /check
[command] 1Y6BZ: t0nk#5018 @ Place of straight people >> /ping
[command] MCO3N: t0nk#5018 @ Place of straight people >> /jazz
[command] P0Q30: t0nk#5018 @ Place of straight people >> /jazz
[command] 1JVAN: t0nk#5018 @ Place of straight people >> /jazz
[command] YLQKP: t0nk#5018 @ Place of straight people >> /jazz
[command] 74LUG: t0nk#5018 @ Place of straight people >> /jazz
[command] U3RHE: t0nk#5018 @ Place of straight people >> /jazz
[command] 1S7XJ: t0nk#5018 @ Place of straight people >> /ping
[command] JB7UQ: t0nk#5018 @ Place of straight people >> /jazz
[command] 7ATC4: t0nk#5018 @ Place of straight people >> /status
[command] TQL3O: t0nk#5018 @ Place of straight people >> /status
[command] 1Z0RQ: t0nk#5018 @ Place of straight people >> /jazz
[command] BXS3U: t0nk#5018 @ Place of straight people >> /jazz
[command] 5E8X5: t0nk#5018 @ Place of straight people >> /ping
[command] 5SHRB: t0nk#5018 @ Place of straight people >> /ping
[command] 4RH0N: t0nk#5018 @ Place of straight people >> /jazz
[command] LHT1T: t0nk#5018 @ Place of straight people >> /jazz
[command] 3QR5C: t0nk#5018 @ Place of straight people >> /jazz
[command] 3LFIU: t0nk#5018 @ Place of straight people >> /jazz
[command] 99729: t0nk#5018 @ Place of straight people >> /jazz
[command] FCDZ3: t0nk#5018 @ Place of straight people >> /jazz
[command] IJZ3R: t0nk#5018 @ Place of straight people >> /jazz
[command] LMT9O: t0nk#5018 @ Place of straight people >> /help
[command] 5D45Y: t0nk#5018 @ Place of straight people >> /jazz
[command] K2ICD: t0nk#5018 @ Place of straight people >> /jazz
[command] 80I2M: t0nk#5018 @ Place of straight people >> /jazz
[command] FV6KX: t0nk#5018 @ Place of straight people >> /jazz
[command] IV4BY: t0nk#5018 @ Place of straight people >> /help
[command] XA4EO: t0nk#5018 @ Place of straight people >> /jazz
[command] S84XW: t0nk#5018 @ Place of straight people >> /jazz
[command] 1VJT3: t0nk#5018 @ Place of straight people >> /jazz
[command] VUEPK: t0nk#5018 @ Place of straight people >> /jazz
[command] 6QNF3: t0nk#5018 @ Place of straight people >> /jazz
[command] AEWUF: t0nk#5018 @ Place of straight people >> /help
[command] AUBUN: t0nk#5018 @ Place of straight people >> /jazz
[command] 84VT0: t0nk#5018 @ Place of straight people >> /help
[command] OH9F7: Euab#3685 @ Place of straight people >> /jazz
[command] UNWVA: t0nk#5018 @ Place of straight people >> /help
[command] 4PVMG: t0nk#5018 @ Place of straight people >> /jazz
[command] WNIU8: t0nk#5018 @ Place of straight people >> /help
[command] 1MPNP: t0nk#5018 @ Place of straight people >> /pc
[command] 2UVT4: t0nk#5018 @ Place of straight people >> /bal
[command] KQIPL: t0nk#5018 @ Place of straight people >> /shop
[command] GT5ZL: t0nk#5018 @ Place of straight people >> /buy
[command] ZIYHC: t0nk#5018 @ Place of straight people >> /bal
[command] TSNHY: t0nk#5018 @ Place of straight people >> /status
[command] 74B4J: t0nk#5018 @ Place of straight people >> /status
[command] EBN4T: t0nk#5018 @ Place of straight people >> /bal
[command] QXSAG: t0nk#5018 @ Place of straight people >> /check
[command] 4D769: t0nk#5018 @ Place of straight people >> /jazz
[command] ZP26F: t0nk#5018 @ Place of straight people >> /stock
[command] 3AEG4: Monitor HL#8622 @ Official Memeism Server >> /help
[command] R6Z95: Monitor HL#8622 @ Official Memeism Server >> /nut
[command] YTQ34: t0nk#5018 @ Official Memeism Server >> /nut
[command] CNCK7: Monitor HL#8622 @ Official Memeism Server >> /belief
[command] WK55K: t0nk#5018 @ Place of straight people >> /jazz
